#
# A fatal error has been detected by the Java Runtime Environment:
#
#  SIGBUS (0xa) at pc=0x00007fff8d67af49, pid=10330, tid=89355
#
# JRE version: Java(TM) SE Runtime Environment (7.0_79-b15) (build 1.7.0_79-b15)
# Java VM: Java HotSpot(TM) 64-Bit Server VM (24.79-b02 mixed mode bsd-amd64 compressed oops)
# Problematic frame:
# C  [libsystem_platform.dylib+0x4f49]  _platform_memmove$VARIANT$Haswell+0x29
#
# Failed to write core dump. Core dumps have been disabled. To enable core dumping, try "ulimit -c unlimited" before starting Java again
#
# If you would like to submit a bug report, please visit:
#   http://bugreport.java.com/bugreport/crash.jsp
# The crash happened outside the Java Virtual Machine in native code.
# See problematic frame for where to report the bug.
#

---------------  T H R E A D  ---------------

Current thread (0x00007feb6b0ee000):  JavaThread "http-8080-5" daemon [_thread_in_native, id=89355, stack(0x000070000258f000,0x000070000268f000)]

siginfo:si_signo=SIGBUS: si_errno=0, si_code=2 (BUS_ADRERR), si_addr=0x0000000115d2d000

Registers:
RAX=0x00007feb72b52200, RBX=0x0000000115d2b679, RCX=0x00000000000031f7, RDX=0x0000000000004b50
RSP=0x000070000268b3b0, RBP=0x000070000268b3b0, RSI=0x0000000115d2d000, RDI=0x00007feb72b53b59
R8 =0x00007feb72d24200, R9 =0x0000000000000006, R10=0x0000000091dfa0d7, R11=0x00007fea5ce26b59
R12=0x0000000069752d79, R13=0x00000000253c4784, R14=0x000000007373632e, R15=0x0000000000000201
RIP=0x00007fff8d67af49, EFLAGS=0x0000000000010206, ERR=0x0000000000000004
  TRAPNO=0x000000000000000e

Top of Stack: (sp=0x000070000268b3b0)
0x000070000268b3b0:   000070000268b420 000000010b47e22b
0x000070000268b3c0:   000000016d4f3ae0 0000000000000002
0x000070000268b3d0:   0000000000000314 00007feb72b52200
0x000070000268b3e0:   0000000000004b50 00007feb69d63cf0
0x000070000268b3f0:   00007feb6d7f1f50 0000000063961122
0x000070000268b400:   00000000000004d0 00007feb6f22dc00
0x000070000268b410:   00007feb69d63cf0 00007feb708263f0
0x000070000268b420:   000070000268b470 000000010b47e725
0x000070000268b430:   0000000000000043 000000436b0ee000
0x000070000268b440:   000070000268b48e 000070000268b8d8
0x000070000268b450:   0000000000000043 000070000268b48e
0x000070000268b460:   00007feb69d63cf0 00007feb6b0ee1e8
0x000070000268b470:   000070000268b8c0 000000010b47d570
0x000070000268b480:   0000000000000031 726f000000000001
0x000070000268b490:   726d6e65706f2f67 656c75646f6d2f73
0x000070000268b4a0:   772f7463746d702f 2f776569762f6265
0x000070000268b4b0:   614d2f7472616863 507974696e726574
0x000070000268b4c0:   5674726168436569 73616c632e776569
0x000070000268b4d0:   00000007d7040073 00000007bffafff0
0x000070000268b4e0:   0000000000000031 000000079ffc3888
0x000070000268b4f0:   00007feb6b0ee001 00007feb6b0ee000
0x000070000268b500:   000070000268b520 000000010c21d6e3
0x000070000268b510:   00000000566158be 00007feb7304390d
0x000070000268b520:   0000000000000000 000070000268b720
0x000070000268b530:   00007feb6b0ee001 00007feb6b0ee000
0x000070000268b540:   000070000268b640 000000010bef6358
0x000070000268b550:   000070000268b578 000000010c556e60
0x000070000268b560:   00007feb6b0ee000 0000000000000005
0x000070000268b570:   000001516c42a939 00007feb69d1b1d0
0x000070000268b580:   00007feb69d1b1d0 000070000268b620
0x000070000268b590:   0000000000000000 00007feb6b0ee000
0x000070000268b5a0:   0000700000000002 00000007a0190ef8 

Instructions: (pc=0x00007fff8d67af49)
0x00007fff8d67af29:   f3 48 89 f8 49 39 d3 72 1b 48 83 fa 60 76 2f 48
0x00007fff8d67af39:   81 fa 00 40 00 00 0f 82 bb 00 00 00 48 89 d1 fc
0x00007fff8d67af49:   f3 a4 5d c3 48 39 fe 74 f9 48 01 d6 48 01 d7 48
0x00007fff8d67af59:   83 fa 60 0f 82 5c 01 00 00 e9 79 01 00 00 48 83 

Register to memory mapping:

RAX=0x00007feb72b52200 is an unknown value
RBX=0x0000000115d2b679 is an unknown value
RCX=0x00000000000031f7 is an unknown value
RDX=0x0000000000004b50 is an unknown value
RSP=0x000070000268b3b0 is pointing into the stack for thread: 0x00007feb6b0ee000
RBP=0x000070000268b3b0 is pointing into the stack for thread: 0x00007feb6b0ee000
RSI=0x0000000115d2d000 is an unknown value
RDI=0x00007feb72b53b59 is an unknown value
R8 =0x00007feb72d24200 is an unknown value
R9 =0x0000000000000006 is an unknown value
R10=0x0000000091dfa0d7 is an unknown value
R11=0x00007fea5ce26b59 is an unknown value
R12=0x0000000069752d79 is an unknown value
R13=0x00000000253c4784 is an unknown value
R14=0x000000007373632e is an unknown value
R15=0x0000000000000201 is an unknown value


Stack: [0x000070000258f000,0x000070000268f000],  sp=0x000070000268b3b0,  free space=1008k
Native frames: (J=compiled Java code, j=interpreted, Vv=VM code, C=native code)
C  [libsystem_platform.dylib+0x4f49]  _platform_memmove$VARIANT$Haswell+0x29
C  [libzip.dylib+0x322b]  newEntry+0x2c8
C  [libzip.dylib+0x3725]  ZIP_GetEntry+0xa2
C  [libzip.dylib+0x2570]  Java_java_util_zip_ZipFile_getEntry+0xdd
J 95  java.util.zip.ZipFile.getEntry(J[BZ)J (0 bytes) @ 0x000000010c911a8e [0x000000010c9119c0+0xce]

Java frames: (J=compiled Java code, j=interpreted, Vv=VM code)
J 95  java.util.zip.ZipFile.getEntry(J[BZ)J (0 bytes) @ 0x000000010c911a18 [0x000000010c9119c0+0x58]
J 230 C2 java.util.jar.JarFile.getEntry(Ljava/lang/String;)Ljava/util/zip/ZipEntry; (22 bytes) @ 0x000000010c97de88 [0x000000010c97ddc0+0xc8]
J 3753 C2 sun.misc.URLClassPath$JarLoader.getResource(Ljava/lang/String;Z)Lsun/misc/Resource; (91 bytes) @ 0x000000010cdada44 [0x000000010cdad980+0xc4]
J 3759 C2 sun.misc.URLClassPath.getResource(Ljava/lang/String;Z)Lsun/misc/Resource; (74 bytes) @ 0x000000010d00a9b8 [0x000000010d00a940+0x78]
j  java.net.URLClassLoader$1.run()Ljava/lang/Class;+26
j  java.net.URLClassLoader$1.run()Ljava/lang/Object;+1
v  ~StubRoutines::call_stub
J 1022  java.security.AccessController.doPrivileged(Ljava/security/PrivilegedExceptionAction;Ljava/security/AccessControlContext;)Ljava/lang/Object; (0 bytes) @ 0x000000010c96bc23 [0x000000010c96bbc0+0x63]
J 2913 C2 org.openmrs.module.ModuleClassLoader.loadClass(Ljava/lang/String;ZLorg/openmrs/module/ModuleClassLoader;Ljava/util/Set;)Ljava/lang/Class; (537 bytes) @ 0x000000010d222bb8 [0x000000010d222780+0x438]
J 4328 C2 org.openmrs.util.OpenmrsClassLoader.loadClass(Ljava/lang/String;Z)Ljava/lang/Class; (101 bytes) @ 0x000000010d2cadd0 [0x000000010d2ca180+0xc50]
J 2692 C2 org.springframework.beans.factory.support.AbstractBeanDefinition.resolveBeanClass(Ljava/lang/ClassLoader;)Ljava/lang/Class; (24 bytes) @ 0x000000010d0ea088 [0x000000010d0e9dc0+0x2c8]
J 2704 C2 org.springframework.beans.factory.support.AbstractBeanFactory.doResolveBeanClass(Lorg/springframework/beans/factory/support/RootBeanDefinition;[Ljava/lang/Class;)Ljava/lang/Class; (101 bytes) @ 0x000000010cb4a17c [0x000000010cb4a120+0x5c]
J 1476 C2 org.springframework.beans.factory.support.AbstractAutowireCapableBeanFactory.predictBeanType(Ljava/lang/String;Lorg/springframework/beans/factory/support/RootBeanDefinition;[Ljava/lang/Class;)Ljava/lang/Class; (179 bytes) @ 0x000000010cd6f028 [0x000000010cd6ece0+0x348]
J 1860 C2 org.springframework.beans.factory.support.DefaultListableBeanFactory.doGetBeanNamesForType(Ljava/lang/Class;ZZ)[Ljava/lang/String; (517 bytes) @ 0x000000010ceb1020 [0x000000010ceb0600+0xa20]
j  org.springframework.beans.factory.support.DefaultListableBeanFactory.getBeanNamesForType(Ljava/lang/Class;ZZ)[Ljava/lang/String;+19
j  org.springframework.beans.factory.support.DefaultListableBeanFactory.getBeansOfType(Ljava/lang/Class;ZZ)Ljava/util/Map;+4
j  org.springframework.context.support.AbstractApplicationContext.invokeBeanFactoryPostProcessors(Lorg/springframework/beans/factory/config/ConfigurableListableBeanFactory;)V+126
j  org.springframework.context.support.AbstractApplicationContext.refresh()V+28
j  org.openmrs.module.ModuleUtil.refreshApplicationContext(Lorg/springframework/context/support/AbstractRefreshableApplicationContext;ZLorg/openmrs/module/Module;)Lorg/springframework/context/support/AbstractRefreshableApplicationContext;+139
j  org.openmrs.module.web.WebModuleUtil.refreshWAC(Ljavax/servlet/ServletContext;ZLorg/openmrs/module/Module;)Lorg/springframework/web/context/support/XmlWebApplicationContext;+80
j  org.openmrs.module.web.WebModuleUtil.startModule(Lorg/openmrs/module/Module;Ljavax/servlet/ServletContext;Z)Z+1510
j  org.openmrs.module.web.controller.ModuleListController.onSubmit(Ljavax/servlet/http/HttpServletRequest;Ljavax/servlet/http/HttpServletResponse;Ljava/lang/Object;Lorg/springframework/validation/BindException;)Lorg/springframework/web/servlet/ModelAndView;+658
j  org.springframework.web.servlet.mvc.SimpleFormController.processFormSubmission(Ljavax/servlet/http/HttpServletRequest;Ljavax/servlet/http/HttpServletResponse;Ljava/lang/Object;Lorg/springframework/validation/BindException;)Lorg/springframework/web/servlet/ModelAndView;+116
j  org.springframework.web.servlet.mvc.AbstractFormController.handleRequestInternal(Ljavax/servlet/http/HttpServletRequest;Ljavax/servlet/http/HttpServletResponse;)Lorg/springframework/web/servlet/ModelAndView;+42
j  org.springframework.web.servlet.mvc.AbstractController.handleRequest(Ljavax/servlet/http/HttpServletRequest;Ljavax/servlet/http/HttpServletResponse;)Lorg/springframework/web/servlet/ModelAndView;+62
j  org.springframework.web.servlet.mvc.SimpleControllerHandlerAdapter.handle(Ljavax/servlet/http/HttpServletRequest;Ljavax/servlet/http/HttpServletResponse;Ljava/lang/Object;)Lorg/springframework/web/servlet/ModelAndView;+6
j  org.springframework.web.servlet.DispatcherServlet.doDispatch(Ljavax/servlet/http/HttpServletRequest;Ljavax/servlet/http/HttpServletResponse;)V+236
j  org.springframework.web.servlet.DispatcherServlet.doService(Ljavax/servlet/http/HttpServletRequest;Ljavax/servlet/http/HttpServletResponse;)V+319
j  org.springframework.web.servlet.FrameworkServlet.processRequest(Ljavax/servlet/http/HttpServletRequest;Ljavax/servlet/http/HttpServletResponse;)V+72
j  org.springframework.web.servlet.FrameworkServlet.doPost(Ljavax/servlet/http/HttpServletRequest;Ljavax/servlet/http/HttpServletResponse;)V+3
j  javax.servlet.http.HttpServlet.service(Ljavax/servlet/http/HttpServletRequest;Ljavax/servlet/http/HttpServletResponse;)V+149
j  org.springframework.web.servlet.FrameworkServlet.service(Ljavax/servlet/http/HttpServletRequest;Ljavax/servlet/http/HttpServletResponse;)V+32
j  javax.servlet.http.HttpServlet.service(Ljavax/servlet/ServletRequest;Ljavax/servlet/ServletResponse;)V+30
j  org.apache.catalina.core.ApplicationFilterChain.internalDoFilter(Ljavax/servlet/ServletRequest;Ljavax/servlet/ServletResponse;)V+376
j  org.apache.catalina.core.ApplicationFilterChain.doFilter(Ljavax/servlet/ServletRequest;Ljavax/servlet/ServletResponse;)V+101
j  org.openmrs.module.web.filter.ForcePasswordChangeFilter.doFilter(Ljavax/servlet/ServletRequest;Ljavax/servlet/ServletResponse;Ljavax/servlet/FilterChain;)V+79
j  org.apache.catalina.core.ApplicationFilterChain.internalDoFilter(Ljavax/servlet/ServletRequest;Ljavax/servlet/ServletResponse;)V+119
j  org.apache.catalina.core.ApplicationFilterChain.doFilter(Ljavax/servlet/ServletRequest;Ljavax/servlet/ServletResponse;)V+101
j  org.openmrs.module.web.filter.ModuleFilterChain.doFilter(Ljavax/servlet/ServletRequest;Ljavax/servlet/ServletResponse;)V+43
j  org.openmrs.module.web.filter.ModuleFilter.doFilter(Ljavax/servlet/ServletRequest;Ljavax/servlet/ServletResponse;Ljavax/servlet/FilterChain;)V+14
j  org.apache.catalina.core.ApplicationFilterChain.internalDoFilter(Ljavax/servlet/ServletRequest;Ljavax/servlet/ServletResponse;)V+119
j  org.apache.catalina.core.ApplicationFilterChain.doFilter(Ljavax/servlet/ServletRequest;Ljavax/servlet/ServletResponse;)V+101
j  org.openmrs.web.filter.OpenmrsFilter.doFilterInternal(Ljavax/servlet/http/HttpServletRequest;Ljavax/servlet/http/HttpServletResponse;Ljavax/servlet/FilterChain;)V+300
j  org.springframework.web.filter.OncePerRequestFilter.doFilter(Ljavax/servlet/ServletRequest;Ljavax/servlet/ServletResponse;Ljavax/servlet/FilterChain;)V+111
j  org.apache.catalina.core.ApplicationFilterChain.internalDoFilter(Ljavax/servlet/ServletRequest;Ljavax/servlet/ServletResponse;)V+119
j  org.apache.catalina.core.ApplicationFilterChain.doFilter(Ljavax/servlet/ServletRequest;Ljavax/servlet/ServletResponse;)V+101
j  org.springframework.orm.hibernate3.support.OpenSessionInViewFilter.doFilterInternal(Ljavax/servlet/http/HttpServletRequest;Ljavax/servlet/http/HttpServletResponse;Ljavax/servlet/FilterChain;)V+185
j  org.springframework.web.filter.OncePerRequestFilter.doFilter(Ljavax/servlet/ServletRequest;Ljavax/servlet/ServletResponse;Ljavax/servlet/FilterChain;)V+111
j  org.apache.catalina.core.ApplicationFilterChain.internalDoFilter(Ljavax/servlet/ServletRequest;Ljavax/servlet/ServletResponse;)V+119
j  org.apache.catalina.core.ApplicationFilterChain.doFilter(Ljavax/servlet/ServletRequest;Ljavax/servlet/ServletResponse;)V+101
j  org.openmrs.web.filter.StartupFilter.doFilter(Ljavax/servlet/ServletRequest;Ljavax/servlet/ServletResponse;Ljavax/servlet/FilterChain;)V+14
j  org.apache.catalina.core.ApplicationFilterChain.internalDoFilter(Ljavax/servlet/ServletRequest;Ljavax/servlet/ServletResponse;)V+119
j  org.apache.catalina.core.ApplicationFilterChain.doFilter(Ljavax/servlet/ServletRequest;Ljavax/servlet/ServletResponse;)V+101
j  org.openmrs.web.filter.StartupFilter.doFilter(Ljavax/servlet/ServletRequest;Ljavax/servlet/ServletResponse;Ljavax/servlet/FilterChain;)V+14
j  org.apache.catalina.core.ApplicationFilterChain.internalDoFilter(Ljavax/servlet/ServletRequest;Ljavax/servlet/ServletResponse;)V+119
j  org.apache.catalina.core.ApplicationFilterChain.doFilter(Ljavax/servlet/ServletRequest;Ljavax/servlet/ServletResponse;)V+101
j  org.openmrs.web.filter.StartupFilter.doFilter(Ljavax/servlet/ServletRequest;Ljavax/servlet/ServletResponse;Ljavax/servlet/FilterChain;)V+14
j  org.apache.catalina.core.ApplicationFilterChain.internalDoFilter(Ljavax/servlet/ServletRequest;Ljavax/servlet/ServletResponse;)V+119
j  org.apache.catalina.core.ApplicationFilterChain.doFilter(Ljavax/servlet/ServletRequest;Ljavax/servlet/ServletResponse;)V+101
j  org.springframework.web.filter.CharacterEncodingFilter.doFilterInternal(Ljavax/servlet/http/HttpServletRequest;Ljavax/servlet/http/HttpServletResponse;Ljavax/servlet/FilterChain;)V+53
j  org.springframework.web.filter.OncePerRequestFilter.doFilter(Ljavax/servlet/ServletRequest;Ljavax/servlet/ServletResponse;Ljavax/servlet/FilterChain;)V+111
j  org.apache.catalina.core.ApplicationFilterChain.internalDoFilter(Ljavax/servlet/ServletRequest;Ljavax/servlet/ServletResponse;)V+119
j  org.apache.catalina.core.ApplicationFilterChain.doFilter(Ljavax/servlet/ServletRequest;Ljavax/servlet/ServletResponse;)V+101
j  org.apache.catalina.core.StandardWrapperValve.invoke(Lorg/apache/catalina/connector/Request;Lorg/apache/catalina/connector/Response;)V+804
j  org.apache.catalina.core.StandardContextValve.invoke(Lorg/apache/catalina/connector/Request;Lorg/apache/catalina/connector/Response;)V+365
j  org.apache.catalina.core.StandardHostValve.invoke(Lorg/apache/catalina/connector/Request;Lorg/apache/catalina/connector/Response;)V+64
j  org.apache.catalina.valves.ErrorReportValve.invoke(Lorg/apache/catalina/connector/Request;Lorg/apache/catalina/connector/Response;)V+6
j  org.apache.catalina.core.StandardEngineValve.invoke(Lorg/apache/catalina/connector/Request;Lorg/apache/catalina/connector/Response;)V+42
j  org.apache.catalina.connector.CoyoteAdapter.service(Lorg/apache/coyote/Request;Lorg/apache/coyote/Response;)V+158
j  org.apache.coyote.http11.Http11Processor.process(Ljava/net/Socket;)V+531
j  org.apache.coyote.http11.Http11Protocol$Http11ConnectionHandler.process(Ljava/net/Socket;)Z+82
j  org.apache.tomcat.util.net.JIoEndpoint$Worker.run()V+41
j  java.lang.Thread.run()V+11
v  ~StubRoutines::call_stub

---------------  P R O C E S S  ---------------

Java Threads: ( => current thread )
  0x00007feb6f269000 JavaThread "com.mchange.v2.async.ThreadPoolAsynchronousRunner$PoolThread-#2" daemon [_thread_blocked, id=124423, stack(0x00007000032b6000,0x00007000033b6000)]
  0x00007feb6f268000 JavaThread "com.mchange.v2.async.ThreadPoolAsynchronousRunner$PoolThread-#1" daemon [_thread_blocked, id=27287, stack(0x00007000031b3000,0x00007000032b3000)]
  0x00007feb6f267800 JavaThread "com.mchange.v2.async.ThreadPoolAsynchronousRunner$PoolThread-#0" daemon [_thread_blocked, id=61711, stack(0x00007000030b0000,0x00007000031b0000)]
  0x00007feb72d87000 JavaThread "Timer-11" daemon [_thread_blocked, id=74571, stack(0x0000700002ca4000,0x0000700002da4000)]
  0x00007feb7308e800 JavaThread "http-8080-10" daemon [_thread_blocked, id=83763, stack(0x0000700002fad000,0x00007000030ad000)]
  0x00007feb6de6c800 JavaThread "http-8080-9" daemon [_thread_in_native, id=74351, stack(0x0000700002eaa000,0x0000700002faa000)]
  0x00007feb6dfed800 JavaThread "http-8080-8" daemon [_thread_in_native, id=83611, stack(0x0000700002da7000,0x0000700002ea7000)]
  0x00007feb73094800 JavaThread "com.mchange.v2.async.ThreadPoolAsynchronousRunner$PoolThread-#2" daemon [_thread_blocked, id=121095, stack(0x0000700002ba1000,0x0000700002ca1000)]
  0x00007feb6d890000 JavaThread "com.mchange.v2.async.ThreadPoolAsynchronousRunner$PoolThread-#1" daemon [_thread_blocked, id=120839, stack(0x0000700002a9e000,0x0000700002b9e000)]
  0x00007feb6d88a800 JavaThread "com.mchange.v2.async.ThreadPoolAsynchronousRunner$PoolThread-#0" daemon [_thread_blocked, id=13643, stack(0x000070000299b000,0x0000700002a9b000)]
  0x00007feb6d994000 JavaThread "Timer-8" daemon [_thread_blocked, id=102411, stack(0x0000700002795000,0x0000700002895000)]
  0x00007feb6daa7000 JavaThread "http-8080-7" daemon [_thread_blocked, id=112695, stack(0x0000700002898000,0x0000700002998000)]
  0x00007feb72dc8000 JavaThread "com.mchange.v2.async.ThreadPoolAsynchronousRunner$PoolThread-#2" daemon [_thread_blocked, id=75535, stack(0x0000700001a6e000,0x0000700001b6e000)]
  0x00007feb728b3000 JavaThread "com.mchange.v2.async.ThreadPoolAsynchronousRunner$PoolThread-#1" daemon [_thread_blocked, id=75279, stack(0x000070000196b000,0x0000700001a6b000)]
  0x00007feb728b2800 JavaThread "com.mchange.v2.async.ThreadPoolAsynchronousRunner$PoolThread-#0" daemon [_thread_blocked, id=33807, stack(0x0000700001868000,0x0000700001968000)]
  0x00007feb72f3b800 JavaThread "Timer-5" daemon [_thread_blocked, id=67591, stack(0x0000700001662000,0x0000700001762000)]
  0x00007feb6b23f000 JavaThread "http-8080-6" daemon [_thread_blocked, id=98055, stack(0x0000700002692000,0x0000700002792000)]
=>0x00007feb6b0ee000 JavaThread "http-8080-5" daemon [_thread_in_native, id=89355, stack(0x000070000258f000,0x000070000268f000)]
  0x00007feb6b25b800 JavaThread "http-8080-4" daemon [_thread_blocked, id=89099, stack(0x000070000248c000,0x000070000258c000)]
  0x00007feb6f345800 JavaThread "http-8080-3" daemon [_thread_blocked, id=54539, stack(0x0000700002389000,0x0000700002489000)]
  0x00007feb6f22d000 JavaThread "TP-Monitor" daemon [_thread_blocked, id=93447, stack(0x0000700002286000,0x0000700002386000)]
  0x00007feb72fb6800 JavaThread "TP-Processor4" daemon [_thread_in_native, id=93191, stack(0x0000700002183000,0x0000700002283000)]
  0x00007feb6da5e800 JavaThread "TP-Processor3" daemon [_thread_blocked, id=65287, stack(0x0000700002080000,0x0000700002180000)]
  0x00007feb6b53e000 JavaThread "TP-Processor2" daemon [_thread_blocked, id=51463, stack(0x0000700001f7d000,0x000070000207d000)]
  0x00007feb6b53d800 JavaThread "TP-Processor1" daemon [_thread_blocked, id=92423, stack(0x0000700001e7a000,0x0000700001f7a000)]
  0x00007feb6a435800 JavaThread "http-8080-2" daemon [_thread_blocked, id=62731, stack(0x0000700001d77000,0x0000700001e77000)]
  0x00007feb731eb000 JavaThread "http-8080-1" daemon [_thread_blocked, id=13843, stack(0x0000700001c74000,0x0000700001d74000)]
  0x00007feb6a3df800 JavaThread "http-8080-Acceptor-0" daemon [_thread_in_native, id=110859, stack(0x0000700001b71000,0x0000700001c71000)]
  0x00007feb73096800 JavaThread "ContainerBackgroundProcessor[StandardEngine[Catalina]]" daemon [_thread_blocked, id=54031, stack(0x0000700001765000,0x0000700001865000)]
  0x00007feb72dfe800 JavaThread "com.mchange.v2.async.ThreadPoolAsynchronousRunner$PoolThread-#2" daemon [_thread_blocked, id=50439, stack(0x000070000155f000,0x000070000165f000)]
  0x00007feb6d9a8800 JavaThread "com.mchange.v2.async.ThreadPoolAsynchronousRunner$PoolThread-#1" daemon [_thread_blocked, id=49719, stack(0x000070000145c000,0x000070000155c000)]
  0x00007feb6b708800 JavaThread "com.mchange.v2.async.ThreadPoolAsynchronousRunner$PoolThread-#0" daemon [_thread_blocked, id=33555, stack(0x0000700000fca000,0x00007000010ca000)]
  0x00007feb72976000 JavaThread "Timer-2" daemon [_thread_blocked, id=4887, stack(0x0000700000932000,0x0000700000a32000)]
  0x00007feb6a52b000 JavaThread "Abandoned connection cleanup thread" daemon [_thread_blocked, id=49455, stack(0x0000700001359000,0x0000700001459000)]
  0x00007feb6b130000 JavaThread "Thread-2" daemon [_thread_blocked, id=27951, stack(0x00007000010d0000,0x00007000011d0000)]
  0x00007feb6a388800 JavaThread "GC Daemon" daemon [_thread_blocked, id=41499, stack(0x0000700001256000,0x0000700001356000)]
  0x00007feb6a9b3800 JavaThread "AWT-AppKit" daemon [_thread_in_native, id=1295, stack(0x00007fff5424b000,0x00007fff54a4b000)]
  0x00007feb6a022800 JavaThread "Service Thread" daemon [_thread_blocked, id=18435, stack(0x0000700000dc4000,0x0000700000ec4000)]
  0x00007feb6a021800 JavaThread "C2 CompilerThread1" daemon [_thread_blocked, id=17923, stack(0x0000700000cc1000,0x0000700000dc1000)]
  0x00007feb6a872800 JavaThread "C2 CompilerThread0" daemon [_thread_blocked, id=17411, stack(0x0000700000bbe000,0x0000700000cbe000)]
  0x00007feb6a872000 JavaThread "Signal Dispatcher" daemon [_thread_blocked, id=16667, stack(0x0000700000abb000,0x0000700000bbb000)]
  0x00007feb6a851800 JavaThread "Finalizer" daemon [_thread_blocked, id=12291, stack(0x000070000082f000,0x000070000092f000)]
  0x00007feb6a851000 JavaThread "Reference Handler" daemon [_thread_blocked, id=11779, stack(0x000070000072c000,0x000070000082c000)]
  0x00007feb6a806800 JavaThread "main" [_thread_in_native, id=5891, stack(0x000070000011a000,0x000070000021a000)]

Other Threads:
  0x00007feb6a00c000 VMThread [stack: 0x0000700000629000,0x0000700000729000] [id=11267]
  0x00007feb6a016800 WatcherThread [stack: 0x0000700000ec7000,0x0000700000fc7000] [id=18947]

VM state:not at safepoint (normal execution)

VM Mutex/Monitor currently owned by a thread: None

Heap
 PSYoungGen      total 316416K, used 300381K [0x00000007eaa80000, 0x0000000800000000, 0x0000000800000000)
  eden space 297472K, 94% used [0x00000007eaa80000,0x00000007fbdab550,0x00000007fcd00000)
  from space 18944K, 98% used [0x00000007fcd00000,0x00000007fdf2c1f0,0x00000007fdf80000)
  to   space 27136K, 0% used [0x00000007fe580000,0x00000007fe580000,0x0000000800000000)
 ParOldGen       total 699392K, used 385831K [0x00000007bff80000, 0x00000007eaa80000, 0x00000007eaa80000)
  object space 699392K, 55% used [0x00000007bff80000,0x00000007d7849ce0,0x00000007eaa80000)
 PSPermGen       total 100352K, used 100061K [0x000000079ff80000, 0x00000007a6180000, 0x00000007bff80000)
  object space 100352K, 99% used [0x000000079ff80000,0x00000007a6137420,0x00000007a6180000)

Card table byte_map: [0x000000010f863000,0x000000010fb64000] byte_map_base: 0x000000010bb63400

Polling page: 0x000000010b471000

Code Cache  [0x000000010c863000, 0x000000010d8a3000, 0x000000010f863000)
 total_blobs=4707 nmethods=4161 adapters=496 free_code_cache=32752Kb largest_free_block=33331904

Compilation events (10 events):
Event: 45884.780 Thread 0x00007feb6a021800 4766             org.springframework.core.type.classreading.AnnotationMetadataReadingVisitor::getAnnotationAttributes (6 bytes)
Event: 45884.780 Thread 0x00007feb6a872800 4767             org.springframework.core.type.classreading.AnnotationMetadataReadingVisitor::getAnnotationAttributes (7 bytes)
Event: 45884.781 Thread 0x00007feb6a021800 nmethod 4766 0x000000010d5ff490 code [0x000000010d5ff5e0, 0x000000010d5ff668]
Event: 45884.781 Thread 0x00007feb6a872800 nmethod 4767 0x000000010d84c9d0 code [0x000000010d84cb20, 0x000000010d84cba8]
Event: 45885.222 Thread 0x00007feb6a872800 4768             org.springframework.core.type.classreading.AnnotationMetadataReadingVisitor::isAnnotated (11 bytes)
Event: 45885.226 Thread 0x00007feb6a872800 nmethod 4768 0x000000010d350f50 code [0x000000010d3510c0, 0x000000010d3514c8]
Event: 45885.236 Thread 0x00007feb6a021800 4769             org.apache.xerces.parsers.AbstractDOMParser::endElement (423 bytes)
Event: 45885.237 Thread 0x00007feb6a872800 4770             org.springframework.beans.factory.xml.DefaultBeanDefinitionDocumentReader::parseBeanDefinitions (96 bytes)
Event: 45885.241 Thread 0x00007feb6a021800 nmethod 4769 0x000000010d333110 code [0x000000010d3332a0, 0x000000010d333648]
Event: 45885.266 Thread 0x00007feb6a872800 nmethod 4770 0x000000010d827890 code [0x000000010d827b40, 0x000000010d828d78]

GC Heap History (10 events):
Event: 45882.172 GC heap before
{Heap before GC invocations=113 (full 0):
 PSYoungGen      total 324096K, used 307200K [0x00000007eaa80000, 0x0000000800000000, 0x0000000800000000)
  eden space 296960K, 100% used [0x00000007eaa80000,0x00000007fcc80000,0x00000007fcc80000)
  from space 27136K, 37% used [0x00000007fe580000,0x00000007fef80000,0x0000000800000000)
  to   space 25600K, 0% used [0x00000007fcc80000,0x00000007fcc80000,0x00000007fe580000)
 ParOldGen       total 699392K, used 377355K [0x00000007bff80000, 0x00000007eaa80000, 0x00000007eaa80000)
  object space 699392K, 53% used [0x00000007bff80000,0x00000007d7002f30,0x00000007eaa80000)
 PSPermGen       total 100352K, used 100032K [0x000000079ff80000, 0x00000007a6180000, 0x00000007bff80000)
  object space 100352K, 99% used [0x000000079ff80000,0x00000007a6130210,0x00000007a6180000)
Event: 45882.187 GC heap after
Heap after GC invocations=113 (full 0):
 PSYoungGen      total 322560K, used 8086K [0x00000007eaa80000, 0x0000000800000000, 0x0000000800000000)
  eden space 296960K, 0% used [0x00000007eaa80000,0x00000007eaa80000,0x00000007fcc80000)
  from space 25600K, 31% used [0x00000007fcc80000,0x00000007fd465980,0x00000007fe580000)
  to   space 24576K, 0% used [0x00000007fe800000,0x00000007fe800000,0x0000000800000000)
 ParOldGen       total 699392K, used 377387K [0x00000007bff80000, 0x00000007eaa80000, 0x00000007eaa80000)
  object space 699392K, 53% used [0x00000007bff80000,0x00000007d700af30,0x00000007eaa80000)
 PSPermGen       total 100352K, used 100032K [0x000000079ff80000, 0x00000007a6180000, 0x00000007bff80000)
  object space 100352K, 99% used [0x000000079ff80000,0x00000007a6130210,0x00000007a6180000)
}
Event: 45882.692 GC heap before
{Heap before GC invocations=114 (full 0):
 PSYoungGen      total 322560K, used 305046K [0x00000007eaa80000, 0x0000000800000000, 0x0000000800000000)
  eden space 296960K, 100% used [0x00000007eaa80000,0x00000007fcc80000,0x00000007fcc80000)
  from space 25600K, 31% used [0x00000007fcc80000,0x00000007fd465980,0x00000007fe580000)
  to   space 24576K, 0% used [0x00000007fe800000,0x00000007fe800000,0x0000000800000000)
 ParOldGen       total 699392K, used 377387K [0x00000007bff80000, 0x00000007eaa80000, 0x00000007eaa80000)
  object space 699392K, 53% used [0x00000007bff80000,0x00000007d700af30,0x00000007eaa80000)
 PSPermGen       total 100352K, used 100032K [0x000000079ff80000, 0x00000007a6180000, 0x00000007bff80000)
  object space 100352K, 99% used [0x000000079ff80000,0x00000007a6130210,0x00000007a6180000)
Event: 45882.708 GC heap after
Heap after GC invocations=114 (full 0):
 PSYoungGen      total 324096K, used 15484K [0x00000007eaa80000, 0x0000000800000000, 0x0000000800000000)
  eden space 299520K, 0% used [0x00000007eaa80000,0x00000007eaa80000,0x00000007fcf00000)
  from space 24576K, 63% used [0x00000007fe800000,0x00000007ff71f260,0x0000000800000000)
  to   space 25088K, 0% used [0x00000007fcf00000,0x00000007fcf00000,0x00000007fe780000)
 ParOldGen       total 699392K, used 381860K [0x00000007bff80000, 0x00000007eaa80000, 0x00000007eaa80000)
  object space 699392K, 54% used [0x00000007bff80000,0x00000007d7469008,0x00000007eaa80000)
 PSPermGen       total 100352K, used 100032K [0x000000079ff80000, 0x00000007a6180000, 0x00000007bff80000)
  object space 100352K, 99% used [0x000000079ff80000,0x00000007a6130210,0x00000007a6180000)
}
Event: 45883.259 GC heap before
{Heap before GC invocations=115 (full 0):
 PSYoungGen      total 324096K, used 315004K [0x00000007eaa80000, 0x0000000800000000, 0x0000000800000000)
  eden space 299520K, 100% used [0x00000007eaa80000,0x00000007fcf00000,0x00000007fcf00000)
  from space 24576K, 63% used [0x00000007fe800000,0x00000007ff71f260,0x0000000800000000)
  to   space 25088K, 0% used [0x00000007fcf00000,0x00000007fcf00000,0x00000007fe780000)
 ParOldGen       total 699392K, used 381860K [0x00000007bff80000, 0x00000007eaa80000, 0x00000007eaa80000)
  object space 699392K, 54% used [0x00000007bff80000,0x00000007d7469008,0x00000007eaa80000)
 PSPermGen       total 100352K, used 100032K [0x000000079ff80000, 0x00000007a6180000, 0x00000007bff80000)
  object space 100352K, 99% used [0x000000079ff80000,0x00000007a6130210,0x00000007a6180000)
Event: 45883.275 GC heap after
Heap after GC invocations=115 (full 0):
 PSYoungGen      total 317440K, used 17586K [0x00000007eaa80000, 0x0000000800000000, 0x0000000800000000)
  eden space 299520K, 0% used [0x00000007eaa80000,0x00000007eaa80000,0x00000007fcf00000)
  from space 17920K, 98% used [0x00000007fcf00000,0x00000007fe02c900,0x00000007fe080000)
  to   space 26112K, 0% used [0x00000007fe680000,0x00000007fe680000,0x0000000800000000)
 ParOldGen       total 699392K, used 384051K [0x00000007bff80000, 0x00000007eaa80000, 0x00000007eaa80000)
  object space 699392K, 54% used [0x00000007bff80000,0x00000007d768cfc8,0x00000007eaa80000)
 PSPermGen       total 100352K, used 100032K [0x000000079ff80000, 0x00000007a6180000, 0x00000007bff80000)
  object space 100352K, 99% used [0x000000079ff80000,0x00000007a6130210,0x00000007a6180000)
}
Event: 45883.958 GC heap before
{Heap before GC invocations=116 (full 0):
 PSYoungGen      total 317440K, used 317106K [0x00000007eaa80000, 0x0000000800000000, 0x0000000800000000)
  eden space 299520K, 100% used [0x00000007eaa80000,0x00000007fcf00000,0x00000007fcf00000)
  from space 17920K, 98% used [0x00000007fcf00000,0x00000007fe02c900,0x00000007fe080000)
  to   space 26112K, 0% used [0x00000007fe680000,0x00000007fe680000,0x0000000800000000)
 ParOldGen       total 699392K, used 384051K [0x00000007bff80000, 0x00000007eaa80000, 0x00000007eaa80000)
  object space 699392K, 54% used [0x00000007bff80000,0x00000007d768cfc8,0x00000007eaa80000)
 PSPermGen       total 100352K, used 100040K [0x000000079ff80000, 0x00000007a6180000, 0x00000007bff80000)
  object space 100352K, 99% used [0x000000079ff80000,0x00000007a6132068,0x00000007a6180000)
Event: 45883.973 GC heap after
Heap after GC invocations=116 (full 0):
 PSYoungGen      total 323584K, used 15852K [0x00000007eaa80000, 0x0000000800000000, 0x0000000800000000)
  eden space 297472K, 0% used [0x00000007eaa80000,0x00000007eaa80000,0x00000007fcd00000)
  from space 26112K, 60% used [0x00000007fe680000,0x00000007ff5fb190,0x0000000800000000)
  to   space 26112K, 0% used [0x00000007fcd00000,0x00000007fcd00000,0x00000007fe680000)
 ParOldGen       total 699392K, used 384091K [0x00000007bff80000, 0x00000007eaa80000, 0x00000007eaa80000)
  object space 699392K, 54% used [0x00000007bff80000,0x00000007d7696fc8,0x00000007eaa80000)
 PSPermGen       total 100352K, used 100040K [0x000000079ff80000, 0x00000007a6180000, 0x00000007bff80000)
  object space 100352K, 99% used [0x000000079ff80000,0x00000007a6132068,0x00000007a6180000)
}
Event: 45884.629 GC heap before
{Heap before GC invocations=117 (full 0):
 PSYoungGen      total 323584K, used 313324K [0x00000007eaa80000, 0x0000000800000000, 0x0000000800000000)
  eden space 297472K, 100% used [0x00000007eaa80000,0x00000007fcd00000,0x00000007fcd00000)
  from space 26112K, 60% used [0x00000007fe680000,0x00000007ff5fb190,0x0000000800000000)
  to   space 26112K, 0% used [0x00000007fcd00000,0x00000007fcd00000,0x00000007fe680000)
 ParOldGen       total 699392K, used 384091K [0x00000007bff80000, 0x00000007eaa80000, 0x00000007eaa80000)
  object space 699392K, 54% used [0x00000007bff80000,0x00000007d7696fc8,0x00000007eaa80000)
 PSPermGen       total 100352K, used 100050K [0x000000079ff80000, 0x00000007a6180000, 0x00000007bff80000)
  object space 100352K, 99% used [0x000000079ff80000,0x00000007a6134838,0x00000007a6180000)
Event: 45884.644 GC heap after
Heap after GC invocations=117 (full 0):
 PSYoungGen      total 316416K, used 18608K [0x00000007eaa80000, 0x0000000800000000, 0x0000000800000000)
  eden space 297472K, 0% used [0x00000007eaa80000,0x00000007eaa80000,0x00000007fcd00000)
  from space 18944K, 98% used [0x00000007fcd00000,0x00000007fdf2c1f0,0x00000007fdf80000)
  to   space 27136K, 0% used [0x00000007fe580000,0x00000007fe580000,0x0000000800000000)
 ParOldGen       total 699392K, used 385831K [0x00000007bff80000, 0x00000007eaa80000, 0x00000007eaa80000)
  object space 699392K, 55% used [0x00000007bff80000,0x00000007d7849ce0,0x00000007eaa80000)
 PSPermGen       total 100352K, used 100050K [0x000000079ff80000, 0x00000007a6180000, 0x00000007bff80000)
  object space 100352K, 99% used [0x000000079ff80000,0x00000007a6134838,0x00000007a6180000)
}

Deoptimization events (10 events):
Event: 45238.044 Thread 0x00007feb6b25b800 Uncommon trap: reason=bimorphic action=maybe_recompile pc=0x000000010d001494 method=org.apache.xerces.impl.XMLDocumentFragmentScannerImpl.scanContent()I @ 220
Event: 45239.204 Thread 0x00007feb6b25b800 Uncommon trap: reason=null_check action=none pc=0x000000010d0b0c74 method=org.openmrs.module.ModuleUtil.expandJar(Ljava/io/File;Ljava/io/File;Ljava/lang/String;Z)V @ 275
Event: 45863.316 Thread 0x00007feb6b0ee000 Uncommon trap: reason=bimorphic action=maybe_recompile pc=0x000000010d005274 method=java.util.Vector.indexOf(Ljava/lang/Object;I)I @ 51
Event: 45863.316 Thread 0x00007feb6b0ee000 Uncommon trap: reason=bimorphic action=maybe_recompile pc=0x000000010d005274 method=java.util.Vector.indexOf(Ljava/lang/Object;I)I @ 51
Event: 45863.460 Thread 0x00007feb6b0ee000 Uncommon trap: reason=null_check action=make_not_entrant pc=0x000000010d79dc6c method=org.springframework.util.xml.DomUtils.nodeNameMatch(Lorg/w3c/dom/Node;Ljava/lang/String;)Z @ 20
Event: 45863.695 Thread 0x00007feb6b0ee000 Uncommon trap: reason=class_check action=maybe_recompile pc=0x000000010c9db7f0 method=java.util.Hashtable.put(Ljava/lang/Object;Ljava/lang/Object;)Ljava/lang/Object; @ 61
Event: 45873.586 Thread 0x00007feb6b0ee000 Uncommon trap: reason=class_check action=maybe_recompile pc=0x000000010d43a818 method=org.apache.xerces.impl.XMLDocumentFragmentScannerImpl.scanCDATASection(Z)Z @ 345
Event: 45882.052 Thread 0x00007feb73043800 Uncommon trap: reason=null_check action=none pc=0x000000010d0b0c74 method=org.openmrs.module.ModuleUtil.expandJar(Ljava/io/File;Ljava/io/File;Ljava/lang/String;Z)V @ 275
Event: 45882.148 Thread 0x00007feb73043800 Uncommon trap: reason=null_check action=none pc=0x000000010d0b0c74 method=org.openmrs.module.ModuleUtil.expandJar(Ljava/io/File;Ljava/io/File;Ljava/lang/String;Z)V @ 275
Event: 45883.808 Thread 0x00007feb6b0ee000 Uncommon trap: reason=null_check action=none pc=0x000000010d0b0c74 method=org.openmrs.module.ModuleUtil.expandJar(Ljava/io/File;Ljava/io/File;Ljava/lang/String;Z)V @ 275

Internal exceptions (10 events):
Event: 45885.282 Thread 0x00007feb6b0ee000 Threw 0x00000007fbc7eaf0 at /HUDSON/workspace/7u-2-build-macosx-x86_64/jdk7u79/2331/hotspot/src/share/vm/prims/jvm.cpp:1304
Event: 45885.282 Thread 0x00007feb6b0ee000 Threw 0x00000007fbc7f8f8 at /HUDSON/workspace/7u-2-build-macosx-x86_64/jdk7u79/2331/hotspot/src/share/vm/prims/jvm.cpp:1304
Event: 45885.282 Thread 0x00007feb6b0ee000 Threw 0x00000007fbc80600 at /HUDSON/workspace/7u-2-build-macosx-x86_64/jdk7u79/2331/hotspot/src/share/vm/prims/jvm.cpp:1304
Event: 45885.282 Thread 0x00007feb6b0ee000 Threw 0x00000007fbc82e40 at /HUDSON/workspace/7u-2-build-macosx-x86_64/jdk7u79/2331/hotspot/src/share/vm/prims/jvm.cpp:1304
Event: 45885.282 Thread 0x00007feb6b0ee000 Threw 0x00000007fbc83b70 at /HUDSON/workspace/7u-2-build-macosx-x86_64/jdk7u79/2331/hotspot/src/share/vm/prims/jvm.cpp:1304
Event: 45885.282 Thread 0x00007feb6b0ee000 Threw 0x00000007fbc87448 at /HUDSON/workspace/7u-2-build-macosx-x86_64/jdk7u79/2331/hotspot/src/share/vm/prims/jvm.cpp:1304
Event: 45885.282 Thread 0x00007feb6b0ee000 Threw 0x00000007fbc88178 at /HUDSON/workspace/7u-2-build-macosx-x86_64/jdk7u79/2331/hotspot/src/share/vm/prims/jvm.cpp:1304
Event: 45885.282 Thread 0x00007feb6b0ee000 Threw 0x00000007fbc8b0f0 at /HUDSON/workspace/7u-2-build-macosx-x86_64/jdk7u79/2331/hotspot/src/share/vm/prims/jvm.cpp:1304
Event: 45885.284 Thread 0x00007feb6b0ee000 Threw 0x00000007fbc944d8 at /HUDSON/workspace/7u-2-build-macosx-x86_64/jdk7u79/2331/hotspot/src/share/vm/prims/jvm.cpp:1304
Event: 45885.284 Thread 0x00007feb6b0ee000 Threw 0x00000007fbc952f8 at /HUDSON/workspace/7u-2-build-macosx-x86_64/jdk7u79/2331/hotspot/src/share/vm/prims/jvm.cpp:1304

Events (10 events):
Event: 45885.282 loading class 0x00007feb6d5973e0
Event: 45885.282 loading class 0x00007feb6d5973e0 done
Event: 45885.282 Executing VM operation: RevokeBias
Event: 45885.283 Executing VM operation: RevokeBias done
Event: 45885.283 Executing VM operation: RevokeBias
Event: 45885.283 Executing VM operation: RevokeBias done
Event: 45885.283 Executing VM operation: RevokeBias
Event: 45885.283 Executing VM operation: RevokeBias done
Event: 45885.283 Executing VM operation: RevokeBias
Event: 45885.283 Executing VM operation: RevokeBias done


Dynamic libraries:
0x0000000002355000 	/System/Library/Frameworks/Cocoa.framework/Versions/A/Cocoa
0x0000000002355000 	/System/Library/Frameworks/Security.framework/Versions/A/Security
0x0000000002355000 	/System/Library/Frameworks/ApplicationServices.framework/Versions/A/ApplicationServices
0x0000000002355000 	/usr/lib/libz.1.dylib
0x0000000002355000 	/usr/lib/libSystem.B.dylib
0x0000000002355000 	/usr/lib/libobjc.A.dylib
0x0000000002355000 	/System/Library/Frameworks/CoreFoundation.framework/Versions/A/CoreFoundation
0x0000000002355000 	/System/Library/Frameworks/Foundation.framework/Versions/C/Foundation
0x0000000002355000 	/System/Library/Frameworks/AppKit.framework/Versions/C/AppKit
0x0000000002355000 	/System/Library/Frameworks/CoreData.framework/Versions/A/CoreData
0x0000000002355000 	/System/Library/PrivateFrameworks/RemoteViewServices.framework/Versions/A/RemoteViewServices
0x0000000002355000 	/System/Library/PrivateFrameworks/UIFoundation.framework/Versions/A/UIFoundation
0x0000000002355000 	/usr/lib/libScreenReader.dylib
0x0000000002355000 	/System/Library/Frameworks/Accelerate.framework/Versions/A/Accelerate
0x0000000002355000 	/System/Library/Frameworks/IOSurface.framework/Versions/A/IOSurface
0x0000000002355000 	/System/Library/Frameworks/AudioToolbox.framework/Versions/A/AudioToolbox
0x0000000002355000 	/System/Library/Frameworks/AudioUnit.framework/Versions/A/AudioUnit
0x0000000002355000 	/System/Library/PrivateFrameworks/DataDetectorsCore.framework/Versions/A/DataDetectorsCore
0x0000000002355000 	/System/Library/PrivateFrameworks/DesktopServicesPriv.framework/Versions/A/DesktopServicesPriv
0x0000000002355000 	/System/Library/Frameworks/Carbon.framework/Versions/A/Frameworks/HIToolbox.framework/Versions/A/HIToolbox
0x0000000002355000 	/System/Library/Frameworks/QuartzCore.framework/Versions/A/QuartzCore
0x0000000002355000 	/System/Library/Frameworks/Carbon.framework/Versions/A/Frameworks/SpeechRecognition.framework/Versions/A/SpeechRecognition
0x0000000002355000 	/usr/lib/libauto.dylib
0x0000000002355000 	/usr/lib/libicucore.A.dylib
0x0000000002355000 	/usr/lib/libxml2.2.dylib
0x0000000002355000 	/System/Library/PrivateFrameworks/CoreUI.framework/Versions/A/CoreUI
0x0000000002355000 	/System/Library/Frameworks/CoreAudio.framework/Versions/A/CoreAudio
0x0000000002355000 	/System/Library/Frameworks/DiskArbitration.framework/Versions/A/DiskArbitration
0x0000000002355000 	/usr/lib/liblangid.dylib
0x0000000002355000 	/System/Library/PrivateFrameworks/MultitouchSupport.framework/Versions/A/MultitouchSupport
0x0000000002355000 	/System/Library/Frameworks/IOKit.framework/Versions/A/IOKit
0x0000000002355000 	/usr/lib/libDiagnosticMessagesClient.dylib
0x0000000002355000 	/System/Library/Frameworks/CoreServices.framework/Versions/A/CoreServices
0x0000000002355000 	/System/Library/PrivateFrameworks/PerformanceAnalysis.framework/Versions/A/PerformanceAnalysis
0x0000000002355000 	/System/Library/PrivateFrameworks/GenerationalStorage.framework/Versions/A/GenerationalStorage
0x0000000002355000 	/System/Library/Frameworks/OpenGL.framework/Versions/A/OpenGL
0x0000000002355000 	/System/Library/PrivateFrameworks/Sharing.framework/Versions/A/Sharing
0x0000000002355000 	/System/Library/Frameworks/CoreGraphics.framework/Versions/A/CoreGraphics
0x0000000002355000 	/System/Library/Frameworks/CoreImage.framework/Versions/A/CoreImage
0x0000000002355000 	/System/Library/Frameworks/CoreText.framework/Versions/A/CoreText
0x0000000002355000 	/System/Library/Frameworks/ImageIO.framework/Versions/A/ImageIO
0x0000000002355000 	/System/Library/PrivateFrameworks/Backup.framework/Versions/A/Backup
0x0000000002355000 	/usr/lib/libextension.dylib
0x0000000002355000 	/usr/lib/libarchive.2.dylib
0x0000000002355000 	/System/Library/Frameworks/CFNetwork.framework/Versions/A/CFNetwork
0x0000000002355000 	/System/Library/Frameworks/SystemConfiguration.framework/Versions/A/SystemConfiguration
0x0000000002355000 	/usr/lib/libCRFSuite.dylib
0x0000000002355000 	/usr/lib/libc++.1.dylib
0x0000000002355000 	/usr/lib/libc++abi.dylib
0x0000000002355000 	/usr/lib/system/libcache.dylib
0x0000000002355000 	/usr/lib/system/libcommonCrypto.dylib
0x0000000002355000 	/usr/lib/system/libcompiler_rt.dylib
0x0000000002355000 	/usr/lib/system/libcopyfile.dylib
0x0000000002355000 	/usr/lib/system/libcorecrypto.dylib
0x0000000002355000 	/usr/lib/system/libdispatch.dylib
0x0000000002355000 	/usr/lib/system/libdyld.dylib
0x0000000002355000 	/usr/lib/system/libkeymgr.dylib
0x0000000002355000 	/usr/lib/system/liblaunch.dylib
0x0000000002355000 	/usr/lib/system/libmacho.dylib
0x0000000002355000 	/usr/lib/system/libquarantine.dylib
0x0000000002355000 	/usr/lib/system/libremovefile.dylib
0x0000000002355000 	/usr/lib/system/libsystem_asl.dylib
0x0000000002355000 	/usr/lib/system/libsystem_blocks.dylib
0x0000000002355000 	/usr/lib/system/libsystem_c.dylib
0x0000000002355000 	/usr/lib/system/libsystem_configuration.dylib
0x0000000002355000 	/usr/lib/system/libsystem_coreservices.dylib
0x0000000002355000 	/usr/lib/system/libsystem_coretls.dylib
0x0000000002355000 	/usr/lib/system/libsystem_dnssd.dylib
0x0000000002355000 	/usr/lib/system/libsystem_info.dylib
0x0000000002355000 	/usr/lib/system/libsystem_kernel.dylib
0x0000000002355000 	/usr/lib/system/libsystem_m.dylib
0x0000000002355000 	/usr/lib/system/libsystem_malloc.dylib
0x0000000002355000 	/usr/lib/system/libsystem_network.dylib
0x0000000002355000 	/usr/lib/system/libsystem_networkextension.dylib
0x0000000002355000 	/usr/lib/system/libsystem_notify.dylib
0x0000000002355000 	/usr/lib/system/libsystem_platform.dylib
0x0000000002355000 	/usr/lib/system/libsystem_pthread.dylib
0x0000000002355000 	/usr/lib/system/libsystem_sandbox.dylib
0x0000000002355000 	/usr/lib/system/libsystem_secinit.dylib
0x0000000002355000 	/usr/lib/system/libsystem_trace.dylib
0x0000000002355000 	/usr/lib/system/libunc.dylib
0x0000000002355000 	/usr/lib/system/libunwind.dylib
0x0000000002355000 	/usr/lib/system/libxpc.dylib
0x0000000002355000 	/usr/lib/libenergytrace.dylib
0x0000000002355000 	/usr/lib/libbsm.0.dylib
0x0000000002355000 	/usr/lib/system/libkxld.dylib
0x0000000002355000 	/usr/lib/libxar.1.dylib
0x0000000002355000 	/usr/lib/libsqlite3.dylib
0x0000000002355000 	/usr/lib/libpam.2.dylib
0x0000000002355000 	/usr/lib/libOpenScriptingUtil.dylib
0x0000000002355000 	/usr/lib/libbz2.1.0.dylib
0x0000000002355000 	/usr/lib/liblzma.5.dylib
0x0000000002355000 	/System/Library/Frameworks/CoreServices.framework/Versions/A/Frameworks/FSEvents.framework/Versions/A/FSEvents
0x0000000002355000 	/System/Library/Frameworks/CoreServices.framework/Versions/A/Frameworks/CarbonCore.framework/Versions/A/CarbonCore
0x0000000002355000 	/System/Library/Frameworks/CoreServices.framework/Versions/A/Frameworks/Metadata.framework/Versions/A/Metadata
0x0000000002355000 	/System/Library/Frameworks/CoreServices.framework/Versions/A/Frameworks/OSServices.framework/Versions/A/OSServices
0x0000000002355000 	/System/Library/Frameworks/CoreServices.framework/Versions/A/Frameworks/SearchKit.framework/Versions/A/SearchKit
0x0000000002355000 	/System/Library/Frameworks/CoreServices.framework/Versions/A/Frameworks/AE.framework/Versions/A/AE
0x0000000002355000 	/System/Library/Frameworks/CoreServices.framework/Versions/A/Frameworks/LaunchServices.framework/Versions/A/LaunchServices
0x0000000002355000 	/System/Library/Frameworks/CoreServices.framework/Versions/A/Frameworks/DictionaryServices.framework/Versions/A/DictionaryServices
0x0000000002355000 	/System/Library/Frameworks/CoreServices.framework/Versions/A/Frameworks/SharedFileList.framework/Versions/A/SharedFileList
0x0000000002355000 	/System/Library/Frameworks/NetFS.framework/Versions/A/NetFS
0x0000000002355000 	/System/Library/PrivateFrameworks/NetAuth.framework/Versions/A/NetAuth
0x0000000002355000 	/System/Library/PrivateFrameworks/login.framework/Versions/A/Frameworks/loginsupport.framework/Versions/A/loginsupport
0x0000000002355000 	/System/Library/PrivateFrameworks/TCC.framework/Versions/A/TCC
0x0000000002355000 	/usr/lib/libmecabra.dylib
0x0000000002355000 	/System/Library/Frameworks/ApplicationServices.framework/Versions/A/Frameworks/ATS.framework/Versions/A/ATS
0x0000000002355000 	/System/Library/Frameworks/ApplicationServices.framework/Versions/A/Frameworks/ColorSync.framework/Versions/A/ColorSync
0x0000000002355000 	/System/Library/Frameworks/ApplicationServices.framework/Versions/A/Frameworks/HIServices.framework/Versions/A/HIServices
0x0000000002355000 	/System/Library/Frameworks/ApplicationServices.framework/Versions/A/Frameworks/LangAnalysis.framework/Versions/A/LangAnalysis
0x0000000002355000 	/System/Library/Frameworks/ApplicationServices.framework/Versions/A/Frameworks/PrintCore.framework/Versions/A/PrintCore
0x0000000002355000 	/System/Library/Frameworks/ApplicationServices.framework/Versions/A/Frameworks/QD.framework/Versions/A/QD
0x0000000002355000 	/System/Library/Frameworks/ApplicationServices.framework/Versions/A/Frameworks/SpeechSynthesis.framework/Versions/A/SpeechSynthesis
0x0000000002355000 	/System/Library/Frameworks/Metal.framework/Versions/A/Metal
0x0000000002355000 	/System/Library/Frameworks/Accelerate.framework/Versions/A/Frameworks/vImage.framework/Versions/A/vImage
0x0000000002355000 	/System/Library/Frameworks/Accelerate.framework/Versions/A/Frameworks/vecLib.framework/Versions/A/vecLib
0x0000000002355000 	/System/Library/Frameworks/Accelerate.framework/Versions/A/Frameworks/vecLib.framework/Versions/A/libvDSP.dylib
0x0000000002355000 	/System/Library/Frameworks/Accelerate.framework/Versions/A/Frameworks/vecLib.framework/Versions/A/libvMisc.dylib
0x0000000002355000 	/System/Library/Frameworks/Accelerate.framework/Versions/A/Frameworks/vecLib.framework/Versions/A/libLAPACK.dylib
0x0000000002355000 	/System/Library/Frameworks/Accelerate.framework/Versions/A/Frameworks/vecLib.framework/Versions/A/libBLAS.dylib
0x0000000002355000 	/System/Library/Frameworks/Accelerate.framework/Versions/A/Frameworks/vecLib.framework/Versions/A/libLinearAlgebra.dylib
0x0000000002355000 	/System/Library/Frameworks/Accelerate.framework/Versions/A/Frameworks/vecLib.framework/Versions/A/libSparseBLAS.dylib
0x0000000002355000 	/System/Library/PrivateFrameworks/GPUCompiler.framework/libmetal_timestamp.dylib
0x0000000002355000 	/System/Library/Frameworks/OpenGL.framework/Versions/A/Libraries/libCoreFSCache.dylib
0x0000000002355000 	/System/Library/PrivateFrameworks/IOAccelerator.framework/Versions/A/IOAccelerator
0x0000000002355000 	/System/Library/Frameworks/ApplicationServices.framework/Versions/A/Frameworks/ATS.framework/Versions/A/Resources/libFontParser.dylib
0x0000000002355000 	/System/Library/Frameworks/ApplicationServices.framework/Versions/A/Frameworks/ATS.framework/Versions/A/Resources/libFontRegistry.dylib
0x0000000002355000 	/System/Library/PrivateFrameworks/AppleVPA.framework/Versions/A/AppleVPA
0x0000000002355000 	/System/Library/PrivateFrameworks/AppleJPEG.framework/Versions/A/AppleJPEG
0x0000000002355000 	/System/Library/Frameworks/ImageIO.framework/Versions/A/Resources/libJPEG.dylib
0x0000000002355000 	/System/Library/Frameworks/ImageIO.framework/Versions/A/Resources/libTIFF.dylib
0x0000000002355000 	/System/Library/Frameworks/ImageIO.framework/Versions/A/Resources/libPng.dylib
0x0000000002355000 	/System/Library/Frameworks/ImageIO.framework/Versions/A/Resources/libGIF.dylib
0x0000000002355000 	/System/Library/Frameworks/ImageIO.framework/Versions/A/Resources/libJP2.dylib
0x0000000002355000 	/System/Library/Frameworks/ImageIO.framework/Versions/A/Resources/libRadiance.dylib
0x0000000002355000 	/System/Library/Frameworks/CoreVideo.framework/Versions/A/CoreVideo
0x0000000002355000 	/System/Library/Frameworks/OpenGL.framework/Versions/A/Libraries/libGLU.dylib
0x0000000002355000 	/System/Library/Frameworks/OpenGL.framework/Versions/A/Libraries/libGFXShared.dylib
0x0000000002355000 	/System/Library/Frameworks/OpenGL.framework/Versions/A/Libraries/libGL.dylib
0x0000000002355000 	/System/Library/Frameworks/OpenGL.framework/Versions/A/Libraries/libGLImage.dylib
0x0000000002355000 	/System/Library/Frameworks/OpenGL.framework/Versions/A/Libraries/libCVMSPluginSupport.dylib
0x0000000002355000 	/System/Library/Frameworks/OpenGL.framework/Versions/A/Libraries/libCoreVMClient.dylib
0x0000000002355000 	/usr/lib/libcups.2.dylib
0x0000000002355000 	/System/Library/Frameworks/Kerberos.framework/Versions/A/Kerberos
0x0000000002355000 	/System/Library/Frameworks/GSS.framework/Versions/A/GSS
0x0000000002355000 	/usr/lib/libresolv.9.dylib
0x0000000002355000 	/usr/lib/libiconv.2.dylib
0x0000000002355000 	/System/Library/PrivateFrameworks/Heimdal.framework/Versions/A/Heimdal
0x0000000002355000 	/usr/lib/libheimdal-asn1.dylib
0x0000000002355000 	/System/Library/Frameworks/OpenDirectory.framework/Versions/A/OpenDirectory
0x0000000002355000 	/System/Library/PrivateFrameworks/CommonAuth.framework/Versions/A/CommonAuth
0x0000000002355000 	/System/Library/Frameworks/OpenDirectory.framework/Versions/A/Frameworks/CFOpenDirectory.framework/Versions/A/CFOpenDirectory
0x0000000002355000 	/System/Library/Frameworks/SecurityFoundation.framework/Versions/A/SecurityFoundation
0x0000000002355000 	/System/Library/PrivateFrameworks/LanguageModeling.framework/Versions/A/LanguageModeling
0x0000000002355000 	/usr/lib/libmarisa.dylib
0x0000000002355000 	/usr/lib/libChineseTokenizer.dylib
0x0000000002355000 	/usr/lib/libcmph.dylib
0x0000000002355000 	/usr/lib/libcompression.dylib
0x0000000002355000 	/System/Library/Frameworks/ServiceManagement.framework/Versions/A/ServiceManagement
0x0000000002355000 	/usr/lib/libxslt.1.dylib
0x0000000002355000 	/System/Library/Frameworks/Carbon.framework/Versions/A/Frameworks/Ink.framework/Versions/A/Ink
0x0000000002355000 	/usr/lib/libFosl_dynamic.dylib
0x0000000002355000 	/System/Library/PrivateFrameworks/FaceCore.framework/Versions/A/FaceCore
0x0000000002355000 	/System/Library/Frameworks/OpenCL.framework/Versions/A/OpenCL
0x0000000002355000 	/System/Library/PrivateFrameworks/CrashReporterSupport.framework/Versions/A/CrashReporterSupport
0x0000000002355000 	/System/Library/PrivateFrameworks/IconServices.framework/Versions/A/IconServices
0x0000000002355000 	/System/Library/PrivateFrameworks/Apple80211.framework/Versions/A/Apple80211
0x0000000002355000 	/System/Library/Frameworks/CoreWLAN.framework/Versions/A/CoreWLAN
0x0000000002355000 	/System/Library/Frameworks/IOBluetooth.framework/Versions/A/IOBluetooth
0x0000000002355000 	/System/Library/PrivateFrameworks/CoreWiFi.framework/Versions/A/CoreWiFi
0x0000000002355000 	/System/Library/Frameworks/CoreBluetooth.framework/Versions/A/CoreBluetooth
0x0000000002355000 	/System/Library/PrivateFrameworks/ChunkingLibrary.framework/Versions/A/ChunkingLibrary
0x0000000002355000 	/System/Library/PrivateFrameworks/DebugSymbols.framework/Versions/A/DebugSymbols
0x0000000002355000 	/System/Library/PrivateFrameworks/CoreSymbolication.framework/Versions/A/CoreSymbolication
0x0000000002355000 	/System/Library/PrivateFrameworks/Symbolication.framework/Versions/A/Symbolication
0x0000000002355000 	/System/Library/PrivateFrameworks/SpeechRecognitionCore.framework/Versions/A/SpeechRecognitionCore
0x000000010be00000 	/Library/Java/JavaVirtualMachines/jdk1.7.0_79.jdk/Contents/Home/jre/lib/server/libjvm.dylib
0x0000000002355000 	/usr/lib/libstdc++.6.dylib
0x000000010b434000 	/Library/Java/JavaVirtualMachines/jdk1.7.0_79.jdk/Contents/Home/jre/lib/libverify.dylib
0x000000010b441000 	/Library/Java/JavaVirtualMachines/jdk1.7.0_79.jdk/Contents/Home/jre/lib/libjava.dylib
0x000000010b47b000 	/Library/Java/JavaVirtualMachines/jdk1.7.0_79.jdk/Contents/Home/jre/lib/libzip.dylib
0x00000001142f6000 	/System/Library/Frameworks/JavaVM.framework/Frameworks/JavaRuntimeSupport.framework/JavaRuntimeSupport
0x000000010b5e7000 	/System/Library/Frameworks/JavaVM.framework/Versions/A/Frameworks/JavaNativeFoundation.framework/Versions/A/JavaNativeFoundation
0x0000000114311000 	/System/Library/Frameworks/JavaVM.framework/Versions/A/JavaVM
0x0000000002355000 	/System/Library/Frameworks/Carbon.framework/Versions/A/Carbon
0x000000011431e000 	/System/Library/PrivateFrameworks/JavaLaunching.framework/Versions/A/JavaLaunching
0x0000000002355000 	/System/Library/Frameworks/Carbon.framework/Versions/A/Frameworks/CommonPanels.framework/Versions/A/CommonPanels
0x0000000002355000 	/System/Library/Frameworks/Carbon.framework/Versions/A/Frameworks/Help.framework/Versions/A/Help
0x0000000002355000 	/System/Library/Frameworks/Carbon.framework/Versions/A/Frameworks/ImageCapture.framework/Versions/A/ImageCapture
0x0000000002355000 	/System/Library/Frameworks/Carbon.framework/Versions/A/Frameworks/OpenScripting.framework/Versions/A/OpenScripting
0x0000000002355000 	/System/Library/Frameworks/Carbon.framework/Versions/A/Frameworks/Print.framework/Versions/A/Print
0x0000000002355000 	/System/Library/Frameworks/Carbon.framework/Versions/A/Frameworks/SecurityHI.framework/Versions/A/SecurityHI
0x0000000115c79000 	/Library/Java/JavaVirtualMachines/jdk1.7.0_79.jdk/Contents/Home/jre/lib/libnio.dylib
0x0000000115c88000 	/Library/Java/JavaVirtualMachines/jdk1.7.0_79.jdk/Contents/Home/jre/lib/./libnet.dylib
0x0000000115ce6000 	/Library/Java/JavaVirtualMachines/jdk1.7.0_79.jdk/Contents/Home/jre/lib/libmanagement.dylib
0x0000000116089000 	/Library/Java/JavaVirtualMachines/jdk1.7.0_79.jdk/Contents/Home/jre/lib/libawt.dylib
0x00000001163d1000 	/Library/Java/JavaVirtualMachines/jdk1.7.0_79.jdk/Contents/Home/jre/lib/./libmlib_image.dylib
0x0000000116264000 	/Library/Java/JavaVirtualMachines/jdk1.7.0_79.jdk/Contents/Home/jre/lib/lwawt/liblwawt.dylib
0x0000000115d92000 	/Library/Java/JavaVirtualMachines/jdk1.7.0_79.jdk/Contents/Home/jre/lib/libosxapp.dylib
0x0000000002355000 	/System/Library/Frameworks/ExceptionHandling.framework/Versions/A/ExceptionHandling
0x0000000002355000 	/System/Library/PrivateFrameworks/CoreServicesInternal.framework/Versions/A/CoreServicesInternal
0x0000000002355000 	/System/Library/Frameworks/CoreGraphics.framework/Versions/A/Resources/libRIP.A.dylib
0x0000000002355000 	/System/Library/Frameworks/Accelerate.framework/Versions/A/Frameworks/vImage.framework/Versions/A/Libraries/libCGInterfaces.dylib
0x0000000002355000 	/System/Library/Frameworks/CoreGraphics.framework/Versions/A/Resources/libCGXType.A.dylib
0x0000000002355000 	/System/Library/Frameworks/OpenCL.framework/Versions/A/Libraries/libcldcpuengine.dylib
0x0000000002355000 	/System/Library/PrivateFrameworks/DiskImages.framework/Versions/A/DiskImages
0x0000000002355000 	/System/Library/Frameworks/DiscRecording.framework/Versions/A/DiscRecording
0x0000000002355000 	/usr/lib/libcsfde.dylib
0x0000000002355000 	/usr/lib/libcurl.4.dylib
0x0000000002355000 	/System/Library/PrivateFrameworks/MediaKit.framework/Versions/A/MediaKit
0x0000000002355000 	/System/Library/PrivateFrameworks/ProtectedCloudStorage.framework/Versions/A/ProtectedCloudStorage
0x0000000002355000 	/usr/lib/libCoreStorage.dylib
0x0000000002355000 	/System/Library/PrivateFrameworks/EFILogin.framework/Versions/A/EFILogin
0x0000000002355000 	/usr/lib/libutil.dylib
0x0000000002355000 	/System/Library/PrivateFrameworks/FindMyDevice.framework/Versions/A/FindMyDevice
0x0000000002355000 	/System/Library/Frameworks/LDAP.framework/Versions/A/LDAP
0x0000000002355000 	/usr/lib/libsasl2.2.dylib
0x0000000002355000 	/System/Library/PrivateFrameworks/CoreDaemon.framework/Versions/B/CoreDaemon
0x0000000002355000 	/usr/lib/libcrypto.0.9.8.dylib
0x0000000002355000 	/System/Library/PrivateFrameworks/AppleSRP.framework/Versions/A/AppleSRP
0x0000000002355000 	/System/Library/PrivateFrameworks/TrustEvaluationAgent.framework/Versions/A/TrustEvaluationAgent
0x0000000115e51000 	cl_kernels
0x0000000002355000 	/System/Library/Frameworks/OpenCL.framework/Versions/A/Libraries/ImageFormats/unorm8_bgra.dylib
0x0000000002355000 	/System/Library/Frameworks/OpenCL.framework/Versions/A/Libraries/ImageFormats/unorm8_rgba.dylib
0x0000000002355000 	/System/Library/PrivateFrameworks/FamilyControls.framework/Versions/A/FamilyControls
0x0000000002355000 	/System/Library/PrivateFrameworks/CommerceKit.framework/Versions/A/Frameworks/CommerceCore.framework/Versions/A/CommerceCore
0x0000000002355000 	/System/Library/PrivateFrameworks/SystemAdministration.framework/Versions/A/SystemAdministration
0x0000000002355000 	/System/Library/PrivateFrameworks/AppContainer.framework/Versions/A/AppContainer
0x0000000002355000 	/System/Library/PrivateFrameworks/SecCodeWrapper.framework/Versions/A/SecCodeWrapper
0x0000000002355000 	/System/Library/Frameworks/DirectoryService.framework/Versions/A/DirectoryService
0x0000000002355000 	/System/Library/PrivateFrameworks/LoginUIKit.framework/Versions/A/Frameworks/LoginUICore.framework/Versions/A/LoginUICore
0x0000000002355000 	/usr/lib/libodfde.dylib
0x00000001173f4000 	/Library/Java/JavaVirtualMachines/jdk1.7.0_79.jdk/Contents/Home/jre/lib/libsunec.dylib

VM Arguments:
jvm_args: -Djava.util.logging.config.file=/usr/local/apache-tomcat-6.0.44/conf/logging.properties -Djava.util.logging.manager=org.apache.juli.ClassLoaderLogManager -Dfile.encoding=UTF-8 -Xms1024m -Xmx1024m -XX:PermSize=64m -XX:MaxPermSize=512m -Djava.endorsed.dirs=/usr/local/apache-tomcat-6.0.44/endorsed -Dcatalina.base=/usr/local/apache-tomcat-6.0.44 -Dcatalina.home=/usr/local/apache-tomcat-6.0.44 -Djava.io.tmpdir=/usr/local/apache-tomcat-6.0.44/temp 
java_command: org.apache.catalina.startup.Bootstrap start
Launcher Type: SUN_STANDARD

Environment Variables:
JAVA_HOME=/Library/Java/JavaVirtualMachines/jdk1.7.0_79.jdk/Contents/Home
PATH=/usr/local/bin:/usr/bin:/bin:/usr/sbin:/sbin:/opt/X11/bin:/usr/local/apache-maven-3.3.3/bin:/Users/k-joseph/Applications/apache-ant-1.9.4/bin
SHELL=/bin/bash
DISPLAY=/private/tmp/com.apple.launchd.jigasRs6rg/org.macosforge.xquartz:0

Signal Handlers:
SIGSEGV: [libjvm.dylib+0x52daf1], sa_mask[0]=0xfffefeff, sa_flags=0x00000043
SIGBUS: [libjvm.dylib+0x52daf1], sa_mask[0]=0xfffefeff, sa_flags=0x00000042
SIGFPE: [libjvm.dylib+0x41f34e], sa_mask[0]=0xfffefeff, sa_flags=0x00000042
SIGPIPE: [libjvm.dylib+0x41f34e], sa_mask[0]=0xfffefeff, sa_flags=0x00000042
SIGXFSZ: [libjvm.dylib+0x41f34e], sa_mask[0]=0xfffefeff, sa_flags=0x00000042
SIGILL: [libjvm.dylib+0x41f34e], sa_mask[0]=0xfffefeff, sa_flags=0x00000042
SIGUSR1: SIG_DFL, sa_mask[0]=0x63807efb, sa_flags=0x00000000
SIGUSR2: [libjvm.dylib+0x41ee40], sa_mask[0]=0x00000000, sa_flags=0x00000042
SIGHUP: [libjvm.dylib+0x41d0d1], sa_mask[0]=0xfffefeff, sa_flags=0x00000042
SIGINT: SIG_IGN, sa_mask[0]=0x00000000, sa_flags=0x00000000
SIGTERM: [libjvm.dylib+0x41d0d1], sa_mask[0]=0xfffefeff, sa_flags=0x00000042
SIGQUIT: [libjvm.dylib+0x41d0d1], sa_mask[0]=0xfffefeff, sa_flags=0x00000042


---------------  S Y S T E M  ---------------

OS:Bsduname:Darwin 15.0.0 Darwin Kernel Version 15.0.0: Wed Aug 26 16:57:32 PDT 2015; root:xnu-3247.1.106~1/RELEASE_X86_64 x86_64
rlimit: STACK 8192k, CORE 0k, NPROC 709, NOFILE 10240, AS infinity
load average:2.13 1.93 1.97

CPU:total 4 (2 cores per cpu, 2 threads per core) family 6 model 61 stepping 4, cmov, cx8, fxsr, mmx, sse, sse2, sse3, ssse3, sse4.1, sse4.2, popcnt, avx, avx2, aes, erms, ht, tsc, tscinvbit

Memory: 4k page, physical 16777216k(4194304k free)

/proc/meminfo:


vm_info: Java HotSpot(TM) 64-Bit Server VM (24.79-b02) for bsd-amd64 JRE (1.7.0_79-b15), built on Apr 10 2015 11:35:04 by "java_re" with gcc 4.2.1 (Based on Apple Inc. build 5658) (LLVM build 2336.11.00)

time: Fri Dec  4 12:11:26 2015
elapsed time: 45885 seconds

